<?xml version="1.0" encoding="UTF-8"?>
<!-- Generated by org.testng.reporters.JUnitXMLReporter -->
<testsuite hostname="DESKTOP-TBQOJQQ" ignored="0" name="Default test" tests="1" failures="0" timestamp="04 Jan 2019 18:42:54 GMT" time="1.297" errors="0">
  <testcase name="@BeforeTest setup" time="1.255" classname="module6.TestGrid">
    <failure type="org.openqa.selenium.WebDriverException" message="Unable to parse remote response: &amp;lt;html&amp;gt;
&amp;lt;head&amp;gt;
&amp;lt;title&amp;gt;Error 403 Forbidden for Proxy&amp;lt;/title&amp;gt;
&amp;lt;/head&amp;gt;
&amp;lt;body&amp;gt;
&amp;lt;h2&amp;gt;HTTP ERROR: 403&amp;lt;/h2&amp;gt;&amp;lt;pre&amp;gt;Forbidden for Proxy&amp;lt;/pre&amp;gt;
&amp;lt;p&amp;gt;RequestURI=/session&amp;lt;/p&amp;gt;
&amp;lt;p&amp;gt;&amp;lt;i&amp;gt;&amp;lt;small&amp;gt;&amp;lt;a href=&amp;quot;http://jetty.mortbay.org&amp;quot;&amp;gt;Powered by Jetty://&amp;lt;/a&amp;gt;&amp;lt;/small&amp;gt;&amp;lt;/i&amp;gt;&amp;lt;/p&amp;gt;
                                                
                                                
                                                
                                                
                                                
                                                
                                                
                                                
                                                
                                                
                                                
                                                
                                                
                                                
                                                
                                                
                                                
                                                
                                                
                                                
&amp;lt;/body&amp;gt;
&amp;lt;/html&amp;gt;

Build info: version: &amp;apos;3.8.0&amp;apos;, revision: &amp;apos;924c4067df&amp;apos;, time: &amp;apos;2017-11-30T11:36:59.109Z&amp;apos;
System info: host: &amp;apos;DESKTOP-TBQOJQQ&amp;apos;, ip: &amp;apos;192.168.1.201&amp;apos;, os.name: &amp;apos;Windows 10&amp;apos;, os.arch: &amp;apos;amd64&amp;apos;, os.version: &amp;apos;10.0&amp;apos;, java.version: &amp;apos;1.8.0_151&amp;apos;
Driver info: driver.version: RemoteWebDriver">
      <![CDATA[org.openqa.selenium.WebDriverException: Unable to parse remote response: <html>
<head>
<title>Error 403 Forbidden for Proxy</title>
</head>
<body>
<h2>HTTP ERROR: 403</h2><pre>Forbidden for Proxy</pre>
<p>RequestURI=/session</p>
<p><i><small><a href="http://jetty.mortbay.org">Powered by Jetty://</a></small></i></p>
                                                
                                                
                                                
                                                
                                                
                                                
                                                
                                                
                                                
                                                
                                                
                                                
                                                
                                                
                                                
                                                
                                                
                                                
                                                
                                                
</body>
</html>

Build info: version: '3.8.0', revision: '924c4067df', time: '2017-11-30T11:36:59.109Z'
System info: host: 'DESKTOP-TBQOJQQ', ip: '192.168.1.201', os.name: 'Windows 10', os.arch: 'amd64', os.version: '10.0', java.version: '1.8.0_151'
Driver info: driver.version: RemoteWebDriver
at org.openqa.selenium.remote.ProtocolHandshake.createSession(ProtocolHandshake.java:111)
at org.openqa.selenium.remote.ProtocolHandshake.createSession(ProtocolHandshake.java:73)
at org.openqa.selenium.remote.HttpCommandExecutor.execute(HttpCommandExecutor.java:142)
at org.openqa.selenium.remote.RemoteWebDriver.execute(RemoteWebDriver.java:601)
at org.openqa.selenium.remote.RemoteWebDriver.startSession(RemoteWebDriver.java:219)
at org.openqa.selenium.remote.RemoteWebDriver.<init>(RemoteWebDriver.java:142)
at org.openqa.selenium.remote.RemoteWebDriver.<init>(RemoteWebDriver.java:155)
at module6.TestGrid.setup(TestGrid.java:27)
at sun.reflect.NativeMethodAccessorImpl.invoke0(Native Method)
at sun.reflect.NativeMethodAccessorImpl.invoke(Unknown Source)
at sun.reflect.DelegatingMethodAccessorImpl.invoke(Unknown Source)
at java.lang.reflect.Method.invoke(Unknown Source)
at org.testng.internal.MethodInvocationHelper.invokeMethod(MethodInvocationHelper.java:124)
at org.testng.internal.MethodInvocationHelper.invokeMethodConsideringTimeout(MethodInvocationHelper.java:59)
at org.testng.internal.Invoker.invokeConfigurationMethod(Invoker.java:455)
at org.testng.internal.Invoker.invokeConfigurations(Invoker.java:222)
at org.testng.internal.Invoker.invokeConfigurations(Invoker.java:142)
at org.testng.TestRunner.beforeRun(TestRunner.java:529)
at org.testng.TestRunner.run(TestRunner.java:497)
at org.testng.SuiteRunner.runTest(SuiteRunner.java:455)
at org.testng.SuiteRunner.runSequentially(SuiteRunner.java:450)
at org.testng.SuiteRunner.privateRun(SuiteRunner.java:415)
at org.testng.SuiteRunner.run(SuiteRunner.java:364)
at org.testng.SuiteRunnerWorker.runSuite(SuiteRunnerWorker.java:52)
at org.testng.SuiteRunnerWorker.run(SuiteRunnerWorker.java:84)
at org.testng.TestNG.runSuitesSequentially(TestNG.java:1208)
at org.testng.TestNG.runSuitesLocally(TestNG.java:1137)
at org.testng.TestNG.runSuites(TestNG.java:1049)
at org.testng.TestNG.run(TestNG.java:1017)
at org.testng.remote.AbstractRemoteTestNG.run(AbstractRemoteTestNG.java:114)
at org.testng.remote.RemoteTestNG.initAndRun(RemoteTestNG.java:251)
at org.testng.remote.RemoteTestNG.main(RemoteTestNG.java:77)
]]>
    </failure>
  </testcase> <!-- @BeforeTest setup -->
  <testcase name="@AfterTest afterTest" time="0.0" classname="module6.TestGrid">
    <skipped/>
  </testcase> <!-- @AfterTest afterTest -->
  <testcase name="simpleTest" time="0.0" classname="module6.TestGrid">
    <skipped/>
  </testcase> <!-- simpleTest -->
</testsuite> <!-- Default test -->
