<?xml version="1.0" encoding="UTF-8"?>
<!-- Generated by org.testng.reporters.JUnitXMLReporter -->
<testsuite hostname="DESKTOP-TBQOJQQ" ignored="1" name="Default test" tests="4" failures="0" timestamp="30 Dec 2018 05:33:27 GMT" time="0.138" errors="0">
  <testcase name="Shifali" time="0.013" classname="module6.Prioritizing"/>
  <testcase name="Nimy" time="0.003" classname="module6.Prioritizing"/>
  <testcase name="Anu" time="0.002" classname="module6.Prioritizing"/>
  <testcase name="Rosy" time="0.004" classname="module6.Prioritizing"/>
  <testcase name="Carmely" time="0.0" classname="module6.Prioritizing">
    <ignored/>
  </testcase> <!-- Carmely -->
</testsuite> <!-- Default test -->
