<?xml version="1.0" encoding="UTF-8"?>
<!-- Generated by org.testng.reporters.JUnitXMLReporter -->
<testsuite hostname="DESKTOP-TBQOJQQ" ignored="0" name="Testing Annotions" tests="5" failures="0" timestamp="05 Jan 2019 04:07:29 GMT" time="47.632" errors="0">
  <testcase name="Test" time="0.011" classname="module6.Annotations"/>
  <testcase name="Login" time="9.191" classname="module6.Example1"/>
  <testcase name="OpenApp" time="14.947" classname="module6.Dependency"/>
  <testcase name="Login" time="8.303" classname="module6.Dependency"/>
  <testcase name="Logout" time="7.164" classname="module6.Dependency"/>
</testsuite> <!-- Testing Annotions -->
