<?xml version="1.0" encoding="UTF-8"?>
<!-- Generated by org.testng.reporters.JUnitXMLReporter -->
<testsuite hostname="DESKTOP-TBQOJQQ" ignored="0" name="IE" tests="1" failures="1" timestamp="05 Jan 2019 03:47:00 GMT" time="0.647" errors="0">
  <testcase name="@AfterTest closeBrowser" time="0.0" classname="module6.Example2">
    <failure type="java.lang.NullPointerException">
      <![CDATA[java.lang.NullPointerException
at module6.Example2.closeBrowser(Example2.java:51)
... Removed 24 stack frames]]>
    </failure>
  </testcase> <!-- @AfterTest closeBrowser -->
  <testcase name="login_TestCase" time="0.003" classname="module6.Example2">
    <failure type="java.lang.NullPointerException">
      <![CDATA[java.lang.NullPointerException
at module6.Example2.login_TestCase(Example2.java:45)
... Removed 25 stack frames]]>
    </failure>
  </testcase> <!-- login_TestCase -->
</testsuite> <!-- IE -->
