<?xml version="1.0" encoding="UTF-8"?>
<testng-results skipped="0" failed="0" ignored="0" total="1" passed="1">
  <reporter-output>
  </reporter-output>
  <suite name="Default suite" duration-ms="22501" started-at="2019-01-16T08:16:54Z" finished-at="2019-01-16T08:17:16Z">
    <groups>
    </groups>
    <test name="Default test" duration-ms="22501" started-at="2019-01-16T08:16:54Z" finished-at="2019-01-16T08:17:16Z">
      <class name="module7.GridExampleTest">
        <test-method status="PASS" signature="setUp()[pri:0, instance:module7.GridExampleTest@371a67ec]" name="setUp" is-config="true" duration-ms="15323" started-at="2019-01-16T08:16:54Z" finished-at="2019-01-16T08:17:09Z">
          <reporter-output>
          </reporter-output>
        </test-method> <!-- setUp -->
        <test-method status="PASS" signature="testGooglePageTitle()[pri:0, instance:module7.GridExampleTest@371a67ec]" name="testGooglePageTitle" duration-ms="2974" started-at="2019-01-16T08:17:09Z" finished-at="2019-01-16T08:17:12Z">
          <reporter-output>
          </reporter-output>
        </test-method> <!-- testGooglePageTitle -->
        <test-method status="PASS" signature="closeBrowser()[pri:0, instance:module7.GridExampleTest@371a67ec]" name="closeBrowser" is-config="true" duration-ms="4109" started-at="2019-01-16T08:17:12Z" finished-at="2019-01-16T08:17:16Z">
          <reporter-output>
          </reporter-output>
        </test-method> <!-- closeBrowser -->
      </class> <!-- module7.GridExampleTest -->
    </test> <!-- Default test -->
  </suite> <!-- Default suite -->
</testng-results>
