<?xml version="1.0" encoding="UTF-8"?>
<!-- Generated by org.testng.reporters.JUnitXMLReporter -->
<testsuite hostname="DESKTOP-TBQOJQQ" ignored="2" name="GroupExecution" tests="7" failures="0" timestamp="05 Jan 2019 03:13:04 GMT" time="0.118" errors="0">
  <testcase name="TC1" time="0.016" classname="module6.Grouping"/>
  <testcase name="TC4" time="0.006" classname="module6.Grouping"/>
  <testcase name="TC7" time="0.003" classname="module6.Grouping"/>
  <testcase name="TC9" time="0.001" classname="module6.Grouping"/>
  <testcase name="TC2" time="0.002" classname="module6.Grouping"/>
  <testcase name="TC3" time="0.003" classname="module6.Grouping"/>
  <testcase name="TC6" time="0.006" classname="module6.Grouping"/>
  <testcase name="TC5" time="0.0" classname="module6.Grouping">
    <ignored/>
  </testcase> <!-- TC5 -->
  <testcase name="TC8" time="0.0" classname="module6.Grouping">
    <ignored/>
  </testcase> <!-- TC8 -->
</testsuite> <!-- GroupExecution -->
